<?xml version="1.0" encoding="UTF-8"?>
<!-- Generated by org.testng.reporters.JUnitReportReporter -->
<testsuite hostname="Apples-MacBook-Pro-2.local" failures="0" tests="1" name="CreateDriverSession" time="7.664" errors="0" timestamp="2022-01-17T14:03:36 IST" skipped="0">
  <testcase classname="CreateDriverSession" name="TestMethod1" time="7.664"/>
  <system-out/>
</testsuite> <!-- CreateDriverSession -->
